./pipe_demo.c
./lsh.h
./vi.c
./tcp.cn
./file.c
./tochar.h
./lua/src/lapi.c
./lua/src/lmathlib.c
./lua/src/lapi.h
./lua/src/lzio.c
./lua/src/lopcodes.c
./lua/src/lbitlib.c
./lua/src/lcode.h
./lua/src/ldblib.c
./lua/src/lgc.c
./lua/src/lgc.h
./lua/src/lauxlib.c
./lua/src/lmem.c
./lua/src/lundump.c
./lua/src/luaconf.h
./lua/src/loslib.c
./lua/src/ltable.h
./lua/src/llex.h
./lua/src/lstring.h
./lua/src/lvm.c
./lua/src/lparser.c
./lua/src/lcorolib.c
./lua/src/linit.c
./lua/src/lprefix.h
./lua/src/ldo.c
./lua/src/lobject.h
./lua/src/lfunc.c
./lua/src/lmem.h
./lua/src/ltm.h
./lua/src/lualib.h
./lua/src/lstate.h
./lua/src/ltm.c
./lua/src/lua.h
./lua/src/lutf8lib.c
./lua/src/lbaselib.c
./lua/src/lauxlib.h
./lua/src/lcode.c
./lua/src/ldo.h
./lua/src/lparser.h
./lua/src/luac.c
./lua/src/lctype.c
./lua/src/lvm.h
./lua/src/ldump.c
./lua/src/ltable.c
./lua/src/ltablib.c
./lua/src/lua.c
./lua/src/lopcodes.h
./lua/src/ldebug.h
./lua/src/lobject.c
./lua/src/lundump.h
./lua/src/lstrlib.c
./lua/src/llimits.h
./lua/src/lfunc.h
./lua/src/loadlib.c
./lua/src/liolib.c
./lua/src/lstring.c
./lua/src/llex.c
./lua/src/lzio.h
./lua/src/lctype.h
./lua/src/ldebug.c
./lua/src/lstate.c
./vi.h
./lfs/src/lfs.c
./lfs/src/lfs.h
./utils.h
./han2pinyin.c
./vim.c
./utils.c
./t.c
./file.h
./vim.h
./word.h
./t.cn
./lsh.c
