./func_table.c
./proc.c
./mm.c
./boot.asm
./schedule.c
./kernel.c
./lib/printf.c
./lib/vsprintf.c
./lib/string.c
./kernel.asm
./block/buffer.cn
./block/ll_rw_blk.c
./kernel/exit.c
./kernel/bh.c
./kernel/timer.c
./kernel/fork.c
./pmm.c
./drivers/ide/ide.c
./drivers/net/8139.c
./drivers/net/e1000.c
./drivers/pci/pci_vendor.c
./drivers/pci/pci.c
./time.c
./include/linux/buffer_head.h
./include/linux/fs_struct.h
./include/linux/ide.h
./include/linux/udp.h
./include/linux/cell.h
./include/linux/mm.h
./include/linux/blkdev.h
./include/linux/sched.h
./include/linux/mylist.h
./include/linux/bh.h
./include/linux/byteorder/generic.h
./include/linux/ctype.h
./include/linux/pci_regs.h
./include/linux/kit.h
./include/linux/printf.h
./include/linux/if_ether.h
./include/linux/errno.h
./include/linux/pci.h
./include/linux/pci_vendor_full.h
./include/linux/NR_syscall.h
./include/linux/fs.h
./include/linux/skbuff.h
./include/linux/resource.h
./include/linux/netdevice.h
./include/linux/arp.h
./include/linux/ip.h
./include/linux/dcache.h
./include/linux/slab.h
./include/linux/mount.h
./include/linux/icmp.h
./include/linux/pci_ids.h
./include/linux/pci_vendor.h
./include/linux/pipe.h
./include/linux/cell_common.h
./include/linux/binfmts.h
./include/linux/timer.h
./include/linux/wait.h
./include/linux/assert.h
./include/linux/string.h
./include/net/udp.h
./include/net/arp.h
./include/net/ip.h
./include/net/icmp.h
./include/net/tcp.h
./include/asm-generic/io.h
./include/asm-generic/errno.h
./include/asm-generic/errno-base.h
./include/asm-generic/fcntl.h
./include/asm/resource.h
./include/old/fork.h
./include/old/fs_ext.h
./include/old/hd.h
./include/old/valType.h
./include/old/func_table.h
./include/old/mm.h
./include/old/kbd_drv.h
./include/old/irq.h
./include/old/ku_mm.h
./include/old/asm_lable.h
./include/old/struinfo.h
./include/old/utils.h
./include/old/heap.h
./include/old/ntfs.h
./include/old/schedule.h
./include/old/fs.h
./include/old/tty.h
./include/old/time.h
./include/old/hd_drv.h
./include/old/blk.h
./include/old/ku_proc.h
./include/old/ramdisk.h
./include/old/i8259.h
./include/old/bootinfo.h
./include/old/list.h
./include/old/pmm.h
./include/old/video_drv.h
./include/old/disp.h
./include/old/proc.h
./include/old/fs_cell.h
./include/old/ku_utils.h
./include/old/atomic.h
./include/old/hs.h
./include/old/elf.h
./include/old/mmzone.h
./mmzone.c
./i8259.c
./elf.c
./garbage.c
./net/ipv4/icmp.c
./net/ipv4/tcp.cn
./net/ipv4/arp.c
./net/ipv4/ip.c
./net/ipv4/udp.c
./net/core/skbuff.c
./net/core/testnet.c
./net/core/dev.c
./utils.c
./fs_cell.c
./t.c
./video_drv.c
./mm/mmap.c
./mm/memory.c
./mm/slab.c
./proc.asm
./irq.c
./bootinfo.asm
./arch/x86/kernel/sys_i386.c
./arch/x86/kernel/process.c
./arch/x86/include/asm/io.h
./arch/x86/include/asm/errno.h
./arch/x86/include/asm/page.h
./arch/x86/include/asm/bit.h
./arch/x86/mm/fault.c
./arch/x86/mm/ioremap.c
./fs/read_write.c
./fs/pipe.cn
./fs/inode.c
./fs/namei.c
./fs/super.c
./fs/dcache.c
./fs/cell/cell.c
./fs/cell/namei.c
./fs/open.c
./fs/exec.c
./fs/binfmt_elf.c
./utils.asm
./ku_utils.c
./ramdisk.c
